<?xml version="1.0" encoding="UTF-8"?>
<testng-results ignored="0" total="4" passed="4" failed="0" skipped="0">
  <reporter-output>
  </reporter-output>
  <suite started-at="2025-03-08T14:12:26 IST" name="Suite" finished-at="2025-03-08T14:12:46 IST" duration-ms="20259">
    <groups>
      <group name="Sanity">
        <method signature="BaseClass.LoginPage()[pri:1, instance:testCases.TC_011AddDesignationTestCases@ae13544]" name="LoginPage" class="testBase.BaseClass"/>
      </group> <!-- Sanity -->
      <group name="Regression">
        <method signature="BaseClass.LoginPage()[pri:1, instance:testCases.TC_011AddDesignationTestCases@ae13544]" name="LoginPage" class="testBase.BaseClass"/>
      </group> <!-- Regression -->
      <group name="Smoke">
        <method signature="BaseClass.LoginPage()[pri:1, instance:testCases.TC_011AddDesignationTestCases@ae13544]" name="LoginPage" class="testBase.BaseClass"/>
      </group> <!-- Smoke -->
    </groups>
    <test started-at="2025-03-08T14:12:26 IST" name="chrometest" finished-at="2025-03-08T14:12:46 IST" duration-ms="20259">
      <class name="testCases.TC_011AddDesignationTestCases">
        <test-method is-config="true" signature="setup(java.lang.String,java.lang.String)[pri:0, instance:testCases.TC_011AddDesignationTestCases@ae13544]" started-at="2025-03-08T14:12:26 IST" name="setup" finished-at="2025-03-08T14:12:30 IST" duration-ms="3760" status="PASS">
          <params>
            <param index="0">
              <value>
                <![CDATA[Windows]]>
              </value>
            </param>
            <param index="1">
              <value>
                <![CDATA[chrome]]>
              </value>
            </param>
          </params>
          <reporter-output>
          </reporter-output>
        </test-method> <!-- setup -->
        <test-method signature="LoginPage()[pri:1, instance:testCases.TC_011AddDesignationTestCases@ae13544]" started-at="2025-03-08T14:12:30 IST" name="LoginPage" finished-at="2025-03-08T14:12:41 IST" duration-ms="10426" status="PASS">
          <reporter-output>
          </reporter-output>
        </test-method> <!-- LoginPage -->
        <test-method signature="NavigateToAddDesignationPage()[pri:1, instance:testCases.TC_011AddDesignationTestCases@ae13544]" started-at="2025-03-08T14:12:41 IST" name="NavigateToAddDesignationPage" finished-at="2025-03-08T14:12:45 IST" duration-ms="4743" status="PASS">
          <reporter-output>
          </reporter-output>
        </test-method> <!-- NavigateToAddDesignationPage -->
        <test-method signature="AddDesignation()[pri:2, instance:testCases.TC_011AddDesignationTestCases@ae13544]" started-at="2025-03-08T14:12:45 IST" name="AddDesignation" finished-at="2025-03-08T14:12:46 IST" duration-ms="667" status="PASS">
          <reporter-output>
          </reporter-output>
        </test-method> <!-- AddDesignation -->
        <test-method signature="verifyLogin()[pri:2, instance:testCases.TC_011AddDesignationTestCases@ae13544]" started-at="2025-03-08T14:12:46 IST" name="verifyLogin" finished-at="2025-03-08T14:12:46 IST" depends-on-methods="testBase.BaseClass.LoginPage" duration-ms="2" status="PASS">
          <reporter-output>
          </reporter-output>
        </test-method> <!-- verifyLogin -->
        <test-method is-config="true" signature="tearDown()[pri:0, instance:testCases.TC_011AddDesignationTestCases@ae13544]" started-at="2025-03-08T14:12:46 IST" name="tearDown" finished-at="2025-03-08T14:12:46 IST" duration-ms="210" status="PASS">
          <reporter-output>
          </reporter-output>
        </test-method> <!-- tearDown -->
      </class> <!-- testCases.TC_011AddDesignationTestCases -->
    </test> <!-- chrometest -->
  </suite> <!-- Suite -->
</testng-results>
