<?xml version="1.0" encoding="UTF-8"?>
<testng-results ignored="0" total="4" passed="4" failed="0" skipped="0">
  <reporter-output>
  </reporter-output>
  <suite started-at="2025-03-04T15:20:01 IST" name="Suite" finished-at="2025-03-04T15:20:21 IST" duration-ms="20625">
    <groups>
      <group name="Sanity">
        <method signature="BaseClass.LoginPage()[pri:1, instance:testCases.TC_009ApplyLeaveTestCases@6f4a47c7]" name="LoginPage" class="testBase.BaseClass"/>
      </group> <!-- Sanity -->
      <group name="Regression">
        <method signature="BaseClass.LoginPage()[pri:1, instance:testCases.TC_009ApplyLeaveTestCases@6f4a47c7]" name="LoginPage" class="testBase.BaseClass"/>
      </group> <!-- Regression -->
      <group name="Smoke">
        <method signature="BaseClass.LoginPage()[pri:1, instance:testCases.TC_009ApplyLeaveTestCases@6f4a47c7]" name="LoginPage" class="testBase.BaseClass"/>
      </group> <!-- Smoke -->
    </groups>
    <test started-at="2025-03-04T15:20:01 IST" name="Test" finished-at="2025-03-04T15:20:21 IST" duration-ms="20625">
      <class name="testCases.TC_009ApplyLeaveTestCases">
        <test-method is-config="true" signature="setup(java.lang.String,java.lang.String)[pri:0, instance:testCases.TC_009ApplyLeaveTestCases@6f4a47c7]" started-at="2025-03-04T15:20:01 IST" name="setup" finished-at="2025-03-04T15:20:05 IST" duration-ms="4201" status="PASS">
          <params>
            <param index="0">
              <value>
                <![CDATA[Windows]]>
              </value>
            </param>
            <param index="1">
              <value>
                <![CDATA[chrome]]>
              </value>
            </param>
          </params>
          <reporter-output>
          </reporter-output>
        </test-method> <!-- setup -->
        <test-method signature="LoginPage()[pri:1, instance:testCases.TC_009ApplyLeaveTestCases@6f4a47c7]" started-at="2025-03-04T15:20:05 IST" name="LoginPage" finished-at="2025-03-04T15:20:16 IST" duration-ms="10450" status="PASS">
          <reporter-output>
          </reporter-output>
        </test-method> <!-- LoginPage -->
        <test-method signature="verifyLogin()[pri:2, instance:testCases.TC_009ApplyLeaveTestCases@6f4a47c7]" started-at="2025-03-04T15:20:16 IST" name="verifyLogin" finished-at="2025-03-04T15:20:16 IST" depends-on-methods="testBase.BaseClass.LoginPage" duration-ms="1" status="PASS">
          <reporter-output>
          </reporter-output>
        </test-method> <!-- verifyLogin -->
        <test-method signature="NavigateTotheApplyLeavePage()[pri:3, instance:testCases.TC_009ApplyLeaveTestCases@6f4a47c7]" started-at="2025-03-04T15:20:16 IST" name="NavigateTotheApplyLeavePage" finished-at="2025-03-04T15:20:20 IST" duration-ms="4392" status="PASS">
          <reporter-output>
          </reporter-output>
        </test-method> <!-- NavigateTotheApplyLeavePage -->
        <test-method signature="ApplyLeave()[pri:4, instance:testCases.TC_009ApplyLeaveTestCases@6f4a47c7]" started-at="2025-03-04T15:20:20 IST" name="ApplyLeave" finished-at="2025-03-04T15:20:21 IST" duration-ms="1133" status="PASS">
          <reporter-output>
          </reporter-output>
        </test-method> <!-- ApplyLeave -->
      </class> <!-- testCases.TC_009ApplyLeaveTestCases -->
    </test> <!-- Test -->
  </suite> <!-- Suite -->
</testng-results>
