<?xml version="1.0" encoding="UTF-8"?>
<!-- Generated by org.testng.reporters.JUnitXMLReporter -->
<testsuite ignored="0" hostname="DESKTOP-N2PRSIL" failures="0" tests="4" name="chrometest" time="20.259" errors="0" timestamp="2025-03-08T14:12:47 IST">
  <testcase classname="testBase.BaseClass" name="LoginPage" time="10.426"/>
  <testcase classname="testCases.TC_011AddDesignationTestCases" name="NavigateToAddDesignationPage" time="4.743"/>
  <testcase classname="testCases.TC_011AddDesignationTestCases" name="AddDesignation" time="0.667"/>
  <testcase classname="testBase.BaseClass" name="verifyLogin" time="0.002"/>
</testsuite> <!-- chrometest -->
