<?xml version="1.0" encoding="UTF-8"?>
<!-- Generated by org.testng.reporters.JUnitXMLReporter -->
<testsuite ignored="0" hostname="DESKTOP-N2PRSIL" failures="0" tests="3" name="firefoxtest" time="87.408" errors="0" timestamp="2025-02-24T12:57:06 IST">
  <testcase classname="testBase.BaseClass" name="LoginPage" time="10.672"/>
  <testcase classname="testBase.BaseClass" name="LoginPage" time="10.547"/>
  <testcase classname="testBase.BaseClass" name="LoginPage" time="11.294"/>
</testsuite> <!-- firefoxtest -->
