<?xml version="1.0" encoding="UTF-8"?>
<!-- Generated by org.testng.reporters.JUnitXMLReporter -->
<testsuite ignored="0" hostname="DESKTOP-N2PRSIL" failures="0" tests="4" name="Test" time="20.625" errors="0" timestamp="2025-03-04T15:20:22 IST">
  <testcase classname="testBase.BaseClass" name="LoginPage" time="10.45"/>
  <testcase classname="testBase.BaseClass" name="verifyLogin" time="0.001"/>
  <testcase classname="testCases.TC_009ApplyLeaveTestCases" name="NavigateTotheApplyLeavePage" time="4.392"/>
  <testcase classname="testCases.TC_009ApplyLeaveTestCases" name="ApplyLeave" time="1.133"/>
</testsuite> <!-- Test -->
